<?xml version="1.0" encoding="UTF-8"?>
<testsuite xmlns:xsi="http://www.w3.org/2001/XMLSchema-instance" xsi:noNamespaceSchemaLocation="https://maven.apache.org/surefire/maven-surefire-plugin/xsd/surefire-test-report.xsd" name="com.marcdanieldialogo.tests.TestGroupRecords" time="1.014" tests="8" errors="0" skipped="0" failures="0">
  <properties>
[...]
</properties>
  <testcase name="testDeleteGroupRecord" classname="com.marcdanieldialogo.tests.TestGroupRecords" time="0.107"/>
  <testcase name="testFindAll" classname="com.marcdanieldialogo.tests.TestGroupRecords" time="0.107"/>
  <testcase name="testFindByGroupName" classname="com.marcdanieldialogo.tests.TestGroupRecords" time="0.101"/>
  <testcase name="testCreateFailureStringLength" classname="com.marcdanieldialogo.tests.TestGroupRecords" time="0.121"/>
  <testcase name="testUpdateFailureStringLength" classname="com.marcdanieldialogo.tests.TestGroupRecords" time="0.104"/>
  <testcase name="testCreate" classname="com.marcdanieldialogo.tests.TestGroupRecords" time="0.106"/>
  <testcase name="testFindID" classname="com.marcdanieldialogo.tests.TestGroupRecords" time="0.099"/>
  <testcase name="testUpdate" classname="com.marcdanieldialogo.tests.TestGroupRecords" time="0.137"/>
</testsuite>